<?xml version="1.0" encoding="UTF-8"?>
<testsuite name="test_baja_capacitacion.TestBajaCapacitacion-20221031112929" tests="1" file="test_baja_capacitacion.py" time="56.071" timestamp="2022-10-31T11:30:26" failures="0" errors="0" skipped="0">
	<testcase classname="test_baja_capacitacion.TestBajaCapacitacion" name="test_baja_capacitacion" time="56.071" timestamp="2022-10-31T11:30:26" file="test_baja_capacitacion.py" line="20"/>
</testsuite>
