<?xml version="1.0" encoding="UTF-8"?>
<testsuite name="test_alta_capacitacion.TestValidacionWeb-20221102112826" tests="1" file="test_alta_capacitacion.py" time="44.339" timestamp="2022-11-02T11:30:27" failures="0" errors="0" skipped="0">
	<testcase classname="test_alta_capacitacion.TestValidacionWeb" name="test_verificacion_web" time="44.339" timestamp="2022-11-02T11:30:27" file="test_alta_capacitacion.py" line="129"/>
</testsuite>
