<?xml version="1.0" encoding="UTF-8"?>
<testsuite name="test_alta_aptitud.TestAltaAptitud-20221027150623" tests="1" file="test_alta_aptitud.py" time="13.329" timestamp="2022-10-27T15:06:36" failures="0" errors="1" skipped="0">
	<testcase classname="test_alta_aptitud.TestAltaAptitud" name="test_alta_aptitud" time="13.329" timestamp="2022-10-27T15:06:36" file="test_alta_aptitud.py" line="16">
		<error type="ElementClickInterceptedException" message="Message: element click intercepted: Element &lt;button type=&quot;submit&quot; class=&quot;btn btn-primary&quot;&gt;...&lt;/button&gt; is not clickable at point (715, 630). Other element would receive the click: &lt;iframe title=&quot;recaptcha challenge expires in two minutes&quot; src=&quot;https://www.google.com/recaptcha/api2/bframe?hl=en&amp;amp;v=NJPGLzpIZgjszqyOymHUP0XR&amp;amp;k=6LfA_TMUAAAAADeAEFAYLUHoAYqeU1Ie6Pi5BRDz&quot; name=&quot;c-23vocyi3nlw5&quot; frameborder=&quot;0&quot; scrolling=&quot;no&quot; sandbox=&quot;allow-forms allow-popups allow-same-origin allow-scripts allow-top-navigation allow-modals allow-popups-to-escape-sandbox&quot; style=&quot;width: 400px; height: 610px;&quot;&gt;&lt;/iframe&gt;
  (Session info: chrome=106.0.5249.119)
Stacktrace:
#0 0x55a635ea52c3 &lt;unknown&gt;
#1 0x55a635cae83a &lt;unknown&gt;
#2 0x55a635cef3b4 &lt;unknown&gt;
#3 0x55a635cecd9c &lt;unknown&gt;
#4 0x55a635cea384 &lt;unknown&gt;
#5 0x55a635ce8f36 &lt;unknown&gt;
#6 0x55a635cdc871 &lt;unknown&gt;
#7 0x55a635d05f42 &lt;unknown&gt;
#8 0x55a635cdc073 &lt;unknown&gt;
#9 0x55a635d060ae &lt;unknown&gt;
#10 0x55a635d1da50 &lt;unknown&gt;
#11 0x55a635d05d63 &lt;unknown&gt;
#12 0x55a635cda7e3 &lt;unknown&gt;
#13 0x55a635cdba21 &lt;unknown&gt;
#14 0x55a635ef318e &lt;unknown&gt;
#15 0x55a635ef6622 &lt;unknown&gt;
#16 0x55a635ed9aae &lt;unknown&gt;
#17 0x55a635ef72a3 &lt;unknown&gt;
#18 0x55a635ecdecf &lt;unknown&gt;
#19 0x55a635f17588 &lt;unknown&gt;
#20 0x55a635f17706 &lt;unknown&gt;
#21 0x55a635f318b2 &lt;unknown&gt;
#22 0x7efc2a3ecb43 &lt;unknown&gt;
"><![CDATA[Traceback (most recent call last):
  File "/home/exo/PycharmProjects/TyPAutomation/testcases_in_progress/test_alta_aptitud.py", line 17, in test_alta_aptitud
    self.login_bo(user_bo, password)
  File "/home/exo/PycharmProjects/TyPAutomation/commons_backoffice.py", line 55, in login_bo
    ).click()
  File "/home/exo/PycharmProjects/TyPAutomation/venv/lib/python3.10/site-packages/selenium/webdriver/remote/webelement.py", line 88, in click
    self._execute(Command.CLICK_ELEMENT)
  File "/home/exo/PycharmProjects/TyPAutomation/venv/lib/python3.10/site-packages/selenium/webdriver/remote/webelement.py", line 396, in _execute
    return self._parent.execute(command, params)
  File "/home/exo/PycharmProjects/TyPAutomation/venv/lib/python3.10/site-packages/selenium/webdriver/remote/webdriver.py", line 429, in execute
    self.error_handler.check_response(response)
  File "/home/exo/PycharmProjects/TyPAutomation/venv/lib/python3.10/site-packages/selenium/webdriver/remote/errorhandler.py", line 243, in check_response
    raise exception_class(message, screen, stacktrace)
selenium.common.exceptions.ElementClickInterceptedException: Message: element click intercepted: Element <button type="submit" class="btn btn-primary">...</button> is not clickable at point (715, 630). Other element would receive the click: <iframe title="recaptcha challenge expires in two minutes" src="https://www.google.com/recaptcha/api2/bframe?hl=en&amp;v=NJPGLzpIZgjszqyOymHUP0XR&amp;k=6LfA_TMUAAAAADeAEFAYLUHoAYqeU1Ie6Pi5BRDz" name="c-23vocyi3nlw5" frameborder="0" scrolling="no" sandbox="allow-forms allow-popups allow-same-origin allow-scripts allow-top-navigation allow-modals allow-popups-to-escape-sandbox" style="width: 400px; height: 610px;"></iframe>
  (Session info: chrome=106.0.5249.119)
Stacktrace:
#0 0x55a635ea52c3 <unknown>
#1 0x55a635cae83a <unknown>
#2 0x55a635cef3b4 <unknown>
#3 0x55a635cecd9c <unknown>
#4 0x55a635cea384 <unknown>
#5 0x55a635ce8f36 <unknown>
#6 0x55a635cdc871 <unknown>
#7 0x55a635d05f42 <unknown>
#8 0x55a635cdc073 <unknown>
#9 0x55a635d060ae <unknown>
#10 0x55a635d1da50 <unknown>
#11 0x55a635d05d63 <unknown>
#12 0x55a635cda7e3 <unknown>
#13 0x55a635cdba21 <unknown>
#14 0x55a635ef318e <unknown>
#15 0x55a635ef6622 <unknown>
#16 0x55a635ed9aae <unknown>
#17 0x55a635ef72a3 <unknown>
#18 0x55a635ecdecf <unknown>
#19 0x55a635f17588 <unknown>
#20 0x55a635f17706 <unknown>
#21 0x55a635f318b2 <unknown>
#22 0x7efc2a3ecb43 <unknown>

]]></error>
	</testcase>
</testsuite>
