<?xml version="1.0" encoding="UTF-8"?>
<testsuite name="test_baja_capacitacion.TestBajaCapacitacion-20221102110940" tests="1" file="test_baja_capacitacion.py" time="63.325" timestamp="2022-11-02T11:10:43" failures="0" errors="0" skipped="0">
	<testcase classname="test_baja_capacitacion.TestBajaCapacitacion" name="test_baja_capacitacion" time="63.325" timestamp="2022-11-02T11:10:43" file="test_baja_capacitacion.py" line="21"/>
</testsuite>
