<?xml version="1.0" encoding="UTF-8"?>
<testsuite name="test_alta_capacitacion.TestCapacitacion-20221102112826" tests="1" file="test_alta_capacitacion.py" time="76.633" timestamp="2022-11-02T11:29:43" failures="0" errors="0" skipped="0">
	<testcase classname="test_alta_capacitacion.TestCapacitacion" name="test_alta_capacitacion" time="76.633" timestamp="2022-11-02T11:29:43" file="test_alta_capacitacion.py" line="49"/>
</testsuite>
