<?xml version="1.0" encoding="UTF-8"?>
<testsuite name="test_alta_aptitud.TestAltaAptitud-20221027151733" tests="1" file="test_alta_aptitud.py" time="49.078" timestamp="2022-10-27T15:18:22" failures="0" errors="0" skipped="0">
	<testcase classname="test_alta_aptitud.TestAltaAptitud" name="test_alta_aptitud" time="49.078" timestamp="2022-10-27T15:18:22" file="test_alta_aptitud.py" line="20"/>
</testsuite>
