<?xml version="1.0" encoding="UTF-8"?>
<testsuite name="test_alta_capacitacion.TestCapacitacion-20221102112403" tests="1" file="test_alta_capacitacion.py" time="86.996" timestamp="2022-11-02T11:25:30" failures="0" errors="0" skipped="0">
	<testcase classname="test_alta_capacitacion.TestCapacitacion" name="test_alta_capacitacion" time="86.996" timestamp="2022-11-02T11:25:30" file="test_alta_capacitacion.py" line="49"/>
</testsuite>
