<?xml version="1.0" encoding="UTF-8"?>
<testsuite name="test_alta_aptitud.TestAltaAptitud-20221027144907" tests="1" file="test_alta_aptitud.py" time="14.537" timestamp="2022-10-27T14:49:22" failures="0" errors="1" skipped="0">
	<testcase classname="test_alta_aptitud.TestAltaAptitud" name="test_alta_aptitud" time="14.537" timestamp="2022-10-27T14:49:22" file="test_alta_aptitud.py" line="15">
		<error type="ElementClickInterceptedException" message="Message: element click intercepted: Element &lt;button type=&quot;submit&quot; class=&quot;btn btn-primary&quot;&gt;...&lt;/button&gt; is not clickable at point (715, 630). Other element would receive the click: &lt;iframe title=&quot;recaptcha challenge expires in two minutes&quot; src=&quot;https://www.google.com/recaptcha/api2/bframe?hl=en&amp;amp;v=NJPGLzpIZgjszqyOymHUP0XR&amp;amp;k=6LfA_TMUAAAAADeAEFAYLUHoAYqeU1Ie6Pi5BRDz&quot; name=&quot;c-d3goa01ixkbw&quot; frameborder=&quot;0&quot; scrolling=&quot;no&quot; sandbox=&quot;allow-forms allow-popups allow-same-origin allow-scripts allow-top-navigation allow-modals allow-popups-to-escape-sandbox&quot; style=&quot;width: 400px; height: 580px;&quot;&gt;&lt;/iframe&gt;
  (Session info: chrome=106.0.5249.119)
Stacktrace:
#0 0x5559831ed2c3 &lt;unknown&gt;
#1 0x555982ff683a &lt;unknown&gt;
#2 0x5559830373b4 &lt;unknown&gt;
#3 0x555983034d9c &lt;unknown&gt;
#4 0x555983032384 &lt;unknown&gt;
#5 0x555983030f36 &lt;unknown&gt;
#6 0x555983024871 &lt;unknown&gt;
#7 0x55598304df42 &lt;unknown&gt;
#8 0x555983024073 &lt;unknown&gt;
#9 0x55598304e0ae &lt;unknown&gt;
#10 0x555983065a50 &lt;unknown&gt;
#11 0x55598304dd63 &lt;unknown&gt;
#12 0x5559830227e3 &lt;unknown&gt;
#13 0x555983023a21 &lt;unknown&gt;
#14 0x55598323b18e &lt;unknown&gt;
#15 0x55598323e622 &lt;unknown&gt;
#16 0x555983221aae &lt;unknown&gt;
#17 0x55598323f2a3 &lt;unknown&gt;
#18 0x555983215ecf &lt;unknown&gt;
#19 0x55598325f588 &lt;unknown&gt;
#20 0x55598325f706 &lt;unknown&gt;
#21 0x5559832798b2 &lt;unknown&gt;
#22 0x7fd7b2992b43 &lt;unknown&gt;
"><![CDATA[Traceback (most recent call last):
  File "/home/exo/PycharmProjects/TyPAutomation/testcases_in_progress/test_alta_aptitud.py", line 16, in test_alta_aptitud
    self.login_bo(user_bo, password)
  File "/home/exo/PycharmProjects/TyPAutomation/commons_backoffice.py", line 55, in login_bo
    ).click()
  File "/home/exo/PycharmProjects/TyPAutomation/venv/lib/python3.10/site-packages/selenium/webdriver/remote/webelement.py", line 88, in click
    self._execute(Command.CLICK_ELEMENT)
  File "/home/exo/PycharmProjects/TyPAutomation/venv/lib/python3.10/site-packages/selenium/webdriver/remote/webelement.py", line 396, in _execute
    return self._parent.execute(command, params)
  File "/home/exo/PycharmProjects/TyPAutomation/venv/lib/python3.10/site-packages/selenium/webdriver/remote/webdriver.py", line 429, in execute
    self.error_handler.check_response(response)
  File "/home/exo/PycharmProjects/TyPAutomation/venv/lib/python3.10/site-packages/selenium/webdriver/remote/errorhandler.py", line 243, in check_response
    raise exception_class(message, screen, stacktrace)
selenium.common.exceptions.ElementClickInterceptedException: Message: element click intercepted: Element <button type="submit" class="btn btn-primary">...</button> is not clickable at point (715, 630). Other element would receive the click: <iframe title="recaptcha challenge expires in two minutes" src="https://www.google.com/recaptcha/api2/bframe?hl=en&amp;v=NJPGLzpIZgjszqyOymHUP0XR&amp;k=6LfA_TMUAAAAADeAEFAYLUHoAYqeU1Ie6Pi5BRDz" name="c-d3goa01ixkbw" frameborder="0" scrolling="no" sandbox="allow-forms allow-popups allow-same-origin allow-scripts allow-top-navigation allow-modals allow-popups-to-escape-sandbox" style="width: 400px; height: 580px;"></iframe>
  (Session info: chrome=106.0.5249.119)
Stacktrace:
#0 0x5559831ed2c3 <unknown>
#1 0x555982ff683a <unknown>
#2 0x5559830373b4 <unknown>
#3 0x555983034d9c <unknown>
#4 0x555983032384 <unknown>
#5 0x555983030f36 <unknown>
#6 0x555983024871 <unknown>
#7 0x55598304df42 <unknown>
#8 0x555983024073 <unknown>
#9 0x55598304e0ae <unknown>
#10 0x555983065a50 <unknown>
#11 0x55598304dd63 <unknown>
#12 0x5559830227e3 <unknown>
#13 0x555983023a21 <unknown>
#14 0x55598323b18e <unknown>
#15 0x55598323e622 <unknown>
#16 0x555983221aae <unknown>
#17 0x55598323f2a3 <unknown>
#18 0x555983215ecf <unknown>
#19 0x55598325f588 <unknown>
#20 0x55598325f706 <unknown>
#21 0x5559832798b2 <unknown>
#22 0x7fd7b2992b43 <unknown>

]]></error>
	</testcase>
</testsuite>
