<?xml version="1.0" encoding="UTF-8"?>
<testsuite name="test_baja_capacitacion.TestBajaCapacitacion-20221031112324" tests="1" file="test_baja_capacitacion.py" time="26.714" timestamp="2022-10-31T11:23:50" failures="0" errors="0" skipped="0">
	<testcase classname="test_baja_capacitacion.TestBajaCapacitacion" name="test_baja_capacitacion" time="26.714" timestamp="2022-10-31T11:23:50" file="test_baja_capacitacion.py" line="18"/>
</testsuite>
