<?xml version="1.0" encoding="UTF-8"?>
<testsuite name="test_alta_aptitud.TestAltaAptitud-20221027152418" tests="1" file="test_alta_aptitud.py" time="54.389" timestamp="2022-10-27T15:25:12" failures="0" errors="0" skipped="0">
	<testcase classname="test_alta_aptitud.TestAltaAptitud" name="test_alta_aptitud" time="54.389" timestamp="2022-10-27T15:25:12" file="test_alta_aptitud.py" line="22"/>
</testsuite>
