<?xml version="1.0" encoding="UTF-8"?>
<testsuite name="test_edicion_capacitacion.TestEdicionCapacitacion-20221103094304" tests="1" file="test_edicion_capacitacion.py" time="27.979" timestamp="2022-11-03T09:43:32" failures="0" errors="0" skipped="0">
	<testcase classname="test_edicion_capacitacion.TestEdicionCapacitacion" name="test_edicion_capacitacion" time="27.979" timestamp="2022-11-03T09:43:32" file="test_edicion_capacitacion.py" line="50"/>
</testsuite>
