<?xml version="1.0" encoding="UTF-8"?>
<testsuite name="test_alta_aptitud.TestAltaAptitud-20221027153317" tests="1" file="test_alta_aptitud.py" time="64.690" timestamp="2022-10-27T15:34:22" failures="0" errors="0" skipped="0">
	<testcase classname="test_alta_aptitud.TestAltaAptitud" name="test_alta_aptitud" time="64.690" timestamp="2022-10-27T15:34:22" file="test_alta_aptitud.py" line="23"/>
</testsuite>
