<?xml version="1.0" encoding="UTF-8"?>
<testsuite name="test_alta_capacitacion.TestValidacionWeb-20221031110650" tests="1" file="test_alta_capacitacion.py" time="28.411" timestamp="2022-10-31T11:08:14" failures="0" errors="0" skipped="0">
	<testcase classname="test_alta_capacitacion.TestValidacionWeb" name="test_verificacion_web" time="28.411" timestamp="2022-10-31T11:08:14" file="test_alta_capacitacion.py" line="129"/>
</testsuite>
